Using pre-set license
Built from '2020.3/staging' branch; Version is '2020.3.20f1 (41c4e627c95f) revision 4310246'; Using compiler version '192528614'; Build Type 'Release'
OS: 'Windows 10 Home; OS build 19043.1348; Version 2009; 64bit' Language: 'en' Physical Memory: 16297 MB
BatchMode: 1, IsHumanControllingUs: 0, StartBugReporterOnCrash: 0, Is64bit: 1, IsPro: 0

COMMAND LINE ARGUMENTS:
D:\Unity\2020.3.20f1\Editor\Unity.exe
-adb2
-batchMode
-noUpm
-name
AssetImportWorker0
-projectPath
D:/re/np/2.2/ITD/ITD_Assignment1/ITD-Assignment1
-logFile
Logs/AssetImportWorker0.log
-srvPort
59501
Successfully changed project path to: D:/re/np/2.2/ITD/ITD_Assignment1/ITD-Assignment1
D:/re/np/2.2/ITD/ITD_Assignment1/ITD-Assignment1
Using Asset Import Pipeline V2.
Refreshing native plugins compatible for Editor in 61.31 ms, found 5 plugins.
Preloading 2 native plugins for Editor in 1.63 ms.
Initialize engine version: 2020.3.20f1 (41c4e627c95f)
[Subsystems] Discovering subsystems at path D:/Unity/2020.3.20f1/Editor/Data/Resources/UnitySubsystems
[Subsystems] Discovering subsystems at path D:/re/np/2.2/ITD/ITD_Assignment1/ITD-Assignment1/Assets
GfxDevice: creating device client; threaded=0
Direct3D:
    Version:  Direct3D 11.0 [level 11.1]
    Renderer: NVIDIA GeForce GTX 1060 6GB (ID=0x1c03)
    Vendor:   
    VRAM:     6052 MB
    Driver:   30.0.14.7212
Initialize mono
Mono path[0] = 'D:/Unity/2020.3.20f1/Editor/Data/Managed'
Mono path[1] = 'D:/Unity/2020.3.20f1/Editor/Data/MonoBleedingEdge/lib/mono/unityjit'
Mono config path = 'D:/Unity/2020.3.20f1/Editor/Data/MonoBleedingEdge/etc'
Using monoOptions --debugger-agent=transport=dt_socket,embedding=1,server=y,suspend=n,address=127.0.0.1:56500
Begin MonoManager ReloadAssembly
Registering precompiled unity dll's ...
Register platform support module: D:/Unity/2020.3.20f1/Editor/Data/PlaybackEngines/WindowsStandaloneSupport/UnityEditor.WindowsStandalone.Extensions.dll
Registered in 0.001178 seconds.
Native extension for WindowsStandalone target not found
Refreshing native plugins compatible for Editor in 44.68 ms, found 5 plugins.
Preloading 2 native plugins for Editor in 0.08 ms.
Mono: successfully reloaded assembly
- Completed reload, in  2.282 seconds
Domain Reload Profiling:
	ReloadAssembly (2283ms)
		BeginReloadAssembly (63ms)
			ExecutionOrderSort (0ms)
			DisableScriptedObjects (0ms)
			BackupInstance (0ms)
			ReleaseScriptingObjects (0ms)
			CreateAndSetChildDomain (1ms)
		EndReloadAssembly (403ms)
			LoadAssemblies (63ms)
			RebuildTransferFunctionScriptingTraits (0ms)
			SetupTypeCache (148ms)
			ReleaseScriptCaches (0ms)
			RebuildScriptCaches (27ms)
			SetupLoadedEditorAssemblies (161ms)
				LogAssemblyErrors (0ms)
				InitializePlatformSupportModulesInManaged (3ms)
				SetLoadedEditorAssemblies (0ms)
				RefreshPlugins (45ms)
				BeforeProcessingInitializeOnLoad (17ms)
				ProcessInitializeOnLoadAttributes (70ms)
				ProcessInitializeOnLoadMethodAttributes (26ms)
				AfterProcessingInitializeOnLoad (0ms)
				EditorAssembliesLoaded (0ms)
			ExecutionOrderSort2 (0ms)
			AwakeInstancesAfterBackupRestoration (0ms)
Platform modules already initialized, skipping
Registering precompiled user dll's ...
Registered in 0.008976 seconds.
Begin MonoManager ReloadAssembly
Native extension for WindowsStandalone target not found
Refreshing native plugins compatible for Editor in 0.98 ms, found 5 plugins.
Preloading 2 native plugins for Editor in 0.08 ms.
System.NullReferenceException: Object reference not set to an instance of an object
  at Vuforia.EditorClasses.ExtensionTypeProvider.GetVuforiaPackageAbsPath () [0x0004a] in <67f168408fbf4fce9c04342c093e9fe7>:0 
  at Vuforia.EditorClasses.ExtensionTypeProvider.IsPackageManager () [0x00000] in <67f168408fbf4fce9c04342c093e9fe7>:0 
  at Vuforia.EditorClasses.ExtensionTypeProvider.ResolvePluginType () [0x00009] in <67f168408fbf4fce9c04342c093e9fe7>:0 
  at Vuforia.EditorClasses.ExtensionTypeProvider.GetPluginType () [0x0000c] in <67f168408fbf4fce9c04342c093e9fe7>:0 
  at Vuforia.EditorClasses.VuforiaUtilities.IsVuforiaEnabledInPlayerSettings () [0x00000] in <67f168408fbf4fce9c04342c093e9fe7>:0 
  at VuforiaEnabledObserver..cctor () [0x00000] in <67f168408fbf4fce9c04342c093e9fe7>:0 
UnityEngine.StackTraceUtility:ExtractStackTrace ()
UnityEngine.DebugLogHandler:LogFormat (UnityEngine.LogType,UnityEngine.Object,string,object[])
UnityEngine.Logger:Log (UnityEngine.LogType,object)
UnityEngine.Debug:LogError (object)
UnityEditor.EditorAssemblies:ProcessInitializeOnLoadAttributes (System.Type[])

System.NullReferenceException: Object reference not set to an instance of an object
  at Vuforia.EditorClasses.ExtensionTypeProvider.GetVuforiaPackageAbsPath () [0x0004a] in <67f168408fbf4fce9c04342c093e9fe7>:0 
  at Vuforia.EditorClasses.ExtensionTypeProvider.IsPackageManager () [0x00000] in <67f168408fbf4fce9c04342c093e9fe7>:0 
  at Vuforia.EditorClasses.ExtensionTypeProvider.ResolvePluginType () [0x00009] in <67f168408fbf4fce9c04342c093e9fe7>:0 
  at Vuforia.EditorClasses.ExtensionTypeProvider.GetPluginType () [0x0000c] in <67f168408fbf4fce9c04342c093e9fe7>:0 
  at Vuforia.EditorClasses.VuforiaUtilities.IsVuforiaEnabledInPlayerSettings () [0x00000] in <67f168408fbf4fce9c04342c093e9fe7>:0 
  at Vuforia.EditorClasses.InitializeOnLoadVuforiaTaskRunner..cctor () [0x00015] in <67f168408fbf4fce9c04342c093e9fe7>:0 
UnityEngine.StackTraceUtility:ExtractStackTrace ()
UnityEngine.DebugLogHandler:LogFormat (UnityEngine.LogType,UnityEngine.Object,string,object[])
UnityEngine.Logger:Log (UnityEngine.LogType,object)
UnityEngine.Debug:LogError (object)
UnityEditor.EditorAssemblies:ProcessInitializeOnLoadAttributes (System.Type[])

Mono: successfully reloaded assembly
- Completed reload, in  1.086 seconds
Domain Reload Profiling:
	ReloadAssembly (1087ms)
		BeginReloadAssembly (154ms)
			ExecutionOrderSort (0ms)
			DisableScriptedObjects (4ms)
			BackupInstance (0ms)
			ReleaseScriptingObjects (0ms)
			CreateAndSetChildDomain (20ms)
		EndReloadAssembly (880ms)
			LoadAssemblies (105ms)
			RebuildTransferFunctionScriptingTraits (0ms)
			SetupTypeCache (299ms)
			ReleaseScriptCaches (1ms)
			RebuildScriptCaches (53ms)
			SetupLoadedEditorAssemblies (333ms)
				LogAssemblyErrors (0ms)
				InitializePlatformSupportModulesInManaged (6ms)
				SetLoadedEditorAssemblies (1ms)
				RefreshPlugins (1ms)
				BeforeProcessingInitializeOnLoad (85ms)
				ProcessInitializeOnLoadAttributes (232ms)
				ProcessInitializeOnLoadMethodAttributes (4ms)
				AfterProcessingInitializeOnLoad (3ms)
				EditorAssembliesLoaded (0ms)
			ExecutionOrderSort2 (0ms)
			AwakeInstancesAfterBackupRestoration (9ms)
Platform modules already initialized, skipping
========================================================================
Worker process is ready to serve import requests
Launched and connected shader compiler UnityShaderCompiler.exe after 0.07 seconds
Refreshing native plugins compatible for Editor in 0.96 ms, found 5 plugins.
Preloading 2 native plugins for Editor in 0.08 ms.
Unloading 1950 Unused Serialized files (Serialized files now loaded: 0)
System memory in use before: 98.9 MB.
System memory in use after: 98.9 MB.

Unloading 45 unused Assets to reduce memory usage. Loaded Objects now: 2649.
Total: 3.466400 ms (FindLiveObjects: 0.222300 ms CreateObjectMapping: 0.090000 ms MarkObjects: 3.042100 ms  DeleteObjects: 0.110900 ms)

AssetImportParameters requested are different than current active one (requested -> active):
  custom:framework-win-MediaFoundation: 216162199b28c13a410421893ffa2e32 -> 
  custom:video-decoder-ogg-theora: a1e56fd34408186e4bbccfd4996cb3dc -> 
  custom:container-muxer-webm: aa71ff27fc2769a1b78a27578f13a17b -> 
  custom:container-demuxer-webm: 4f35f7cbe854078d1ac9338744f61a02 -> 
  custom:container-demuxer-ogg: 62fdf1f143b41e24485cea50d1cbac27 -> 
  custom:video-encoder-webm-vp8: eb34c28f22e8b96e1ab97ce403110664 -> 
  custom:video-decoder-webm-vp8: 9c59270c3fd7afecdb556c50c9e8de78 -> 
  custom:audio-decoder-ogg-vorbis: bf7c407c2cedff20999df2af8eb42d56 -> 
  custom:audio-encoder-webm-vorbis: bf7c407c2cedff20999df2af8eb42d56 -> 
========================================================================
Received Import Request.
  path: Assets/Scripts
  artifactKey: Guid(e8a45b0dd525655409b0fb3eb9a5fcee) Importer(815301076,1909f56bfc062723c751e8b465ee728b)
Start importing Assets/Scripts using Guid(e8a45b0dd525655409b0fb3eb9a5fcee) Importer(815301076,1909f56bfc062723c751e8b465ee728b)  -> (artifact id: 'b376938f673bd713f0897ef19bc67ae0') in 0.010269 seconds 
  Import took 0.014901 seconds .

========================================================================
Received Import Request.
  Time since last request: 0.000217 seconds.
  path: Assets/Scripts/quizscriptable
  artifactKey: Guid(8596a2745834d2b4c897f5ab5b58b8ca) Importer(815301076,1909f56bfc062723c751e8b465ee728b)
Start importing Assets/Scripts/quizscriptable using Guid(8596a2745834d2b4c897f5ab5b58b8ca) Importer(815301076,1909f56bfc062723c751e8b465ee728b)  -> (artifact id: '25d8c4038f178f2feb903959f37866ad') in 0.020625 seconds 
  Import took 0.024899 seconds .

========================================================================
Received Import Request.
  Time since last request: 0.000191 seconds.
  path: Assets/Scripts/quizscriptable/QuizsManager.cs
  artifactKey: Guid(325e067b71b28bb4ab1b4a593fab88b2) Importer(815301076,1909f56bfc062723c751e8b465ee728b)
Start importing Assets/Scripts/quizscriptable/QuizsManager.cs using Guid(325e067b71b28bb4ab1b4a593fab88b2) Importer(815301076,1909f56bfc062723c751e8b465ee728b)  -> (artifact id: '34342e15b7b8c7390b2554d8d63fb98a') in 0.086487 seconds 
  Import took 0.090017 seconds .

========================================================================
Received Import Request.
  Time since last request: 0.796091 seconds.
  path: Assets/Scripts/quizscriptable/QuizUI.cs
  artifactKey: Guid(3def5fa8f39439b49889dbb01ddc28e0) Importer(815301076,1909f56bfc062723c751e8b465ee728b)
Start importing Assets/Scripts/quizscriptable/QuizUI.cs using Guid(3def5fa8f39439b49889dbb01ddc28e0) Importer(815301076,1909f56bfc062723c751e8b465ee728b)  -> (artifact id: 'c3892f560b4054eff87eb7f0ad74c535') in 0.006569 seconds 
  Import took 0.010900 seconds .

========================================================================
Received Import Request.
  Time since last request: 0.474152 seconds.
  path: Assets/Scripts/quizscriptable/ShuffleList.cs
  artifactKey: Guid(85a21235649dfba438a1005ac9f2540e) Importer(815301076,1909f56bfc062723c751e8b465ee728b)
Start importing Assets/Scripts/quizscriptable/ShuffleList.cs using Guid(85a21235649dfba438a1005ac9f2540e) Importer(815301076,1909f56bfc062723c751e8b465ee728b)  -> (artifact id: 'b7af2f804da7914a9e169a41f0ee7406') in 0.005387 seconds 
  Import took 0.008631 seconds .

========================================================================
Received Import Request.
  Time since last request: 7.535128 seconds.
  path: Assets/Scripts/QuestionFour.cs
  artifactKey: Guid(4ec5c522284796c44a7a159ac2e12024) Importer(815301076,1909f56bfc062723c751e8b465ee728b)
Start importing Assets/Scripts/QuestionFour.cs using Guid(4ec5c522284796c44a7a159ac2e12024) Importer(815301076,1909f56bfc062723c751e8b465ee728b)  -> (artifact id: '15b887ed32f074ef46f947273f9efb48') in 0.018038 seconds 
  Import took 0.021067 seconds .

========================================================================
Received Import Request.
  Time since last request: 0.645450 seconds.
  path: Assets/Scripts/QuestionThree.cs
  artifactKey: Guid(32d90e574d1f25a49a850929810b5029) Importer(815301076,1909f56bfc062723c751e8b465ee728b)
Start importing Assets/Scripts/QuestionThree.cs using Guid(32d90e574d1f25a49a850929810b5029) Importer(815301076,1909f56bfc062723c751e8b465ee728b)  -> (artifact id: 'c3e4e2e729e3bf3247401cfedf5f0b32') in 0.005641 seconds 
  Import took 0.009036 seconds .

========================================================================
Received Import Request.
  Time since last request: 0.346869 seconds.
  path: Assets/Scripts/QuestionTwo.cs
  artifactKey: Guid(3c69c50c99b541a4eb405bc7acfc3a77) Importer(815301076,1909f56bfc062723c751e8b465ee728b)
Start importing Assets/Scripts/QuestionTwo.cs using Guid(3c69c50c99b541a4eb405bc7acfc3a77) Importer(815301076,1909f56bfc062723c751e8b465ee728b)  -> (artifact id: '2714ce64f5286b3ba212dc261521fedb') in 0.005741 seconds 
  Import took 0.009440 seconds .

========================================================================
Received Import Request.
  Time since last request: 0.412800 seconds.
  path: Assets/Scripts/QuizManager.cs
  artifactKey: Guid(d7e2cf543d33f23468a3a2b7bd5b9180) Importer(815301076,1909f56bfc062723c751e8b465ee728b)
Start importing Assets/Scripts/QuizManager.cs using Guid(d7e2cf543d33f23468a3a2b7bd5b9180) Importer(815301076,1909f56bfc062723c751e8b465ee728b)  -> (artifact id: '76ef339bbad253636261cffb719c6da3') in 0.005773 seconds 
  Import took 0.009128 seconds .

========================================================================
Received Import Request.
  Time since last request: 0.494500 seconds.
  path: Assets/Scripts/SpawnObjectOnPlane.cs
  artifactKey: Guid(460b91511d236d84fb66a139c795558b) Importer(815301076,1909f56bfc062723c751e8b465ee728b)
Start importing Assets/Scripts/SpawnObjectOnPlane.cs using Guid(460b91511d236d84fb66a139c795558b) Importer(815301076,1909f56bfc062723c751e8b465ee728b)  -> (artifact id: '75a009b382661260ca32559dcceb02b7') in 0.006449 seconds 
  Import took 0.009456 seconds .

========================================================================
Received Import Request.
  Time since last request: 112.228237 seconds.
  path: Assets/Scripts/TouchTracker.cs
  artifactKey: Guid(cf320c3971fd500449745faf8b1e55b5) Importer(815301076,1909f56bfc062723c751e8b465ee728b)
Start importing Assets/Scripts/TouchTracker.cs using Guid(cf320c3971fd500449745faf8b1e55b5) Importer(815301076,1909f56bfc062723c751e8b465ee728b)  -> (artifact id: '15c54f33a9677417659a0a0e07a15880') in 0.007132 seconds 
  Import took 0.010473 seconds .

========================================================================
Received Import Request.
  Time since last request: 73.139493 seconds.
  path: Assets/Scenes
  artifactKey: Guid(ade91fa75b2ef9e48adc67b743584cda) Importer(815301076,1909f56bfc062723c751e8b465ee728b)
Start importing Assets/Scenes using Guid(ade91fa75b2ef9e48adc67b743584cda) Importer(815301076,1909f56bfc062723c751e8b465ee728b)  -> (artifact id: 'db305ea144ed3ce9f2af39091bf3ae33') in 0.005856 seconds 
  Import took 0.010069 seconds .

========================================================================
Received Import Request.
  Time since last request: 3.279823 seconds.
  path: Assets/Scenes/firstscene.unity
  artifactKey: Guid(e0a30a4088544b349834bed8786a6485) Importer(815301076,1909f56bfc062723c751e8b465ee728b)
Start importing Assets/Scenes/firstscene.unity using Guid(e0a30a4088544b349834bed8786a6485) Importer(815301076,1909f56bfc062723c751e8b465ee728b)  -> (artifact id: '7490fb4d851f27a06877ad806fdf5693') in 0.015732 seconds 
  Import took 0.018992 seconds .

